[2015.06.27-09.05.28:233][  0]Log file open, 06/27/15 11:05:28
[2015.06.27-09.05.28:233][  0]LogInit:Display: Running engine for game: LabyrinthGame
[2015.06.27-09.05.28:233][  0]LogInit:Display: RandInit(1103834175) SRandInit(1103834175).
[2015.06.27-09.05.28:233][  0]LogTaskGraph: Started task graph with 4 named threads and 7 total threads.
[2015.06.27-09.05.28:233][  0]LogStats: Stats thread started
[2015.06.27-09.05.28:233][  0]LogInit: Version: 4.8.1-2591939+++depot+UE4-Releases+4.8
[2015.06.27-09.05.28:233][  0]LogInit: API Version: 2579680
[2015.06.27-09.05.28:233][  0]LogInit: Compiled (64-bit): Jun 18 2015 11:02:04
[2015.06.27-09.05.28:233][  0]LogInit: Compiled with Visual C++: 18.00.21005.01
[2015.06.27-09.05.28:233][  0]LogInit: Build Configuration: Development
[2015.06.27-09.05.28:233][  0]LogInit: Branch Name: ++depot+UE4-Releases+4.8
[2015.06.27-09.05.28:233][  0]LogInit: Command line:  
[2015.06.27-09.05.28:233][  0]LogInit: Base directory: F:/UnrealEngine4/Epic Games/4.8/Engine/Binaries/Win64/
[2015.06.27-09.05.28:233][  0]LogInit: Rocket: 1
[2015.06.27-09.05.28:313][  0]LogInit: Using libcurl 7.41.0
[2015.06.27-09.05.28:313][  0]LogInit:  - built for x86_64-pc-win32
[2015.06.27-09.05.28:313][  0]LogInit:  - supports SSL with WinSSL
[2015.06.27-09.05.28:313][  0]LogInit:  - other features:
[2015.06.27-09.05.28:313][  0]LogInit:      CURL_VERSION_SSL
[2015.06.27-09.05.28:313][  0]LogInit:      CURL_VERSION_IPV6
[2015.06.27-09.05.28:313][  0]LogInit:      CURL_VERSION_ASYNCHDNS
[2015.06.27-09.05.28:313][  0]LogInit:      CURL_VERSION_LARGEFILE
[2015.06.27-09.05.28:314][  0]LogInit:      CURL_VERSION_IDN
[2015.06.27-09.05.28:315][  0]LogInit:  CurlRequestOptions (configurable via config and command line):
[2015.06.27-09.05.28:315][  0]LogInit:  - bVerifyPeer = true  - Libcurl will verify peer certificate
[2015.06.27-09.05.28:315][  0]LogInit:  - bUseHttpProxy = false  - Libcurl will NOT use HTTP proxy
[2015.06.27-09.05.28:315][  0]LogInit:  - bDontReuseConnections = false  - Libcurl will reuse connections
[2015.06.27-09.05.28:315][  0]LogInit:  - CertBundlePath = nullptr  - Libcurl will use whatever was configured at build time.
[2015.06.27-09.05.28:340][  0]LogOnline:Warning: No default platform service specified for OnlineSubsystem
[2015.06.27-09.05.28:632][  0]LogInit: Presizing for 0 objects not considered by GC, pre-allocating 0 bytes.
[2015.06.27-09.05.28:859][  0]LogInit: Object subsystem initialized
[2015.06.27-09.05.29:031][  0]LogConsoleResponse:Warning: Skipping Unknown console variable: 'TranslucentSortAxis = (X=0.000000,Y=-1.000000,Z=0.000000)'
[2015.06.27-09.05.29:031][  0]LogConsoleResponse:Warning:   Found in ini file 'F:/UE4Projects/LabyrinthGame/Saved/Config/Windows/Engine.ini', in section '[/Script/Engine.RendererSettings]'
[2015.06.27-09.05.29:031][  0]LogConsoleResponse:Warning: Skipping Unknown console variable: 'UIScaleRule = ShortestSide'
[2015.06.27-09.05.29:031][  0]LogConsoleResponse:Warning:   Found in ini file 'F:/UE4Projects/LabyrinthGame/Saved/Config/Windows/Engine.ini', in section '[/Script/Engine.RendererSettings]'
[2015.06.27-09.05.29:031][  0]LogConsoleResponse:Warning: Skipping Unknown console variable: 'UIScaleCurve = (EditorCurveData=(Keys=),ExternalCurve=None)'
[2015.06.27-09.05.29:031][  0]LogConsoleResponse:Warning:   Found in ini file 'F:/UE4Projects/LabyrinthGame/Saved/Config/Windows/Engine.ini', in section '[/Script/Engine.RendererSettings]'
[2015.06.27-09.05.29:131][  0]LogInit: Selected Device Profile: [Windows]
[2015.06.27-09.05.29:131][  0]LogInit: Applying CVar settings loaded from the selected device profile: [Windows]
[2015.06.27-09.05.29:297][  0]LogInit: Computer: ERU
[2015.06.27-09.05.29:297][  0]LogInit: User: Jojo
[2015.06.27-09.05.29:297][  0]LogInit: CPU Page size=4096, Cores=4
[2015.06.27-09.05.29:297][  0]LogInit: High frequency timer resolution =3.312871 MHz
[2015.06.27-09.05.29:321][  0]LogMemory: Memory total: Physical=7.9GB (8GB approx)
[2015.06.27-09.05.29:321][  0]LogMemory: Platform Memory Stats for Windows
[2015.06.27-09.05.29:321][  0]LogMemory: Process Physical Memory: 50.90 MB used, 50.90 MB peak
[2015.06.27-09.05.29:321][  0]LogMemory: Process Virtual Memory: 23.32 MB used, 24.17 MB peak
[2015.06.27-09.05.29:321][  0]LogMemory: Physical Memory: 3414.57 MB used, 8087.06 MB total
[2015.06.27-09.05.29:321][  0]LogMemory: Virtual Memory: 282.87 MB used, 8388608.00 MB total
[2015.06.27-09.05.31:239][  0]LogTextLocalizationManager: The requested culture ('de_DE') has no localization data; falling back to 'en' for localization and internationalization data.
[2015.06.27-09.05.31:849][  0]LogTextLocalizationManager:Warning: Loaded localization resources contain conflicting entries for (Namespace:ContentBrowser, Key:ImportAssetToolTip):
Localization Resource: (F:/UnrealEngine4/Epic Games/4.8/Engine/Content/Localization/Editor/en/Editor.locres) Source String Hash: (-630476809) Localized String: (Import to {0}...)
Localization Resource: (F:/UnrealEngine4/Epic Games/4.8/Engine/Content/Localization/Editor/en/Editor.locres) Source String Hash: (1271782899) Localized String: (Imports an asset from file to this folder.)
[2015.06.27-09.05.34:198][  0]LogD3D11RHI: Found D3D11 adapter 0: AMD Radeon HD 7800 Series (Feature Level 11_0)
[2015.06.27-09.05.34:198][  0]LogD3D11RHI: Adapter has 2027MB of dedicated video memory, 0MB of dedicated system memory, and 3787MB of shared system memory, 3 output[s]
[2015.06.27-09.05.34:276][  0]LogD3D11RHI: Found D3D11 adapter 1: Intel(R) HD Graphics 4000 (Feature Level 11_0)
[2015.06.27-09.05.34:276][  0]LogD3D11RHI: Adapter has 64MB of dedicated video memory, 0MB of dedicated system memory, and 1632MB of shared system memory, 0 output[s]
[2015.06.27-09.05.34:276][  0]LogD3D11RHI: Chosen D3D11 Adapter Id = 0
[2015.06.27-09.05.34:381][  0]LogRHI: Texture pool is 1361 MB (70% of 1945 MB)
[2015.06.27-09.05.34:390][  0]LogD3D11RHI: Async texture creation disabled: no driver support
[2015.06.27-09.05.35:140][  0]LogShaderCompilers:Display: Using Local Shader Compiler.
[2015.06.27-09.05.39:297][  0]LogTemp:Display: Loaded TP DesktopTargetPlatform
[2015.06.27-09.05.39:329][  0]LogTemp:Display: Loaded TP WindowsClientTargetPlatform
[2015.06.27-09.05.39:352][  0]LogTemp:Display: Loaded TP WindowsNoEditorTargetPlatform
[2015.06.27-09.05.39:371][  0]LogTemp:Display: Loaded TP WindowsServerTargetPlatform
[2015.06.27-09.05.39:392][  0]LogTemp:Display: Loaded TP WindowsTargetPlatform
[2015.06.27-09.05.39:409][  0]LogTemp:Display: Loaded TP AndroidTargetPlatform
[2015.06.27-09.05.39:426][  0]LogTemp:Display: Loaded TP Android_ASTCTargetPlatform
[2015.06.27-09.05.39:442][  0]LogTemp:Display: Loaded TP Android_ATCTargetPlatform
[2015.06.27-09.05.39:459][  0]LogTemp:Display: Loaded TP Android_DXTTargetPlatform
[2015.06.27-09.05.39:476][  0]LogTemp:Display: Loaded TP Android_ETC1TargetPlatform
[2015.06.27-09.05.39:493][  0]LogTemp:Display: Loaded TP Android_ETC2TargetPlatform
[2015.06.27-09.05.39:509][  0]LogTemp:Display: Loaded TP Android_PVRTCTargetPlatform
[2015.06.27-09.05.39:657][  0]LogTemp:Display: Loaded TP IOSTargetPlatform
[2015.06.27-09.05.39:677][  0]LogTemp:Display: Loaded TP LinuxNoEditorTargetPlatform
[2015.06.27-09.05.39:696][  0]LogTemp:Display: Loaded TP LinuxServerTargetPlatform
[2015.06.27-09.05.39:718][  0]LogTemp:Display: Loaded TP LinuxTargetPlatform
[2015.06.27-09.05.39:718][  0]LogTargetPlatformManager:Display: Building Assets For Windows
[2015.06.27-09.05.41:121][  0]LogDerivedDataCache:Display: Max Cache Size: 512 MB
[2015.06.27-09.05.41:308][  0]LogDerivedDataCache: Loaded boot cache 0.19s 55MB C:/Users/Jojo/AppData/Local/UnrealEngine/4.8/DerivedDataCache/Boot.ddc.
[2015.06.27-09.05.41:308][  0]LogDerivedDataCache:Display: Loaded Boot cache: C:/Users/Jojo/AppData/Local/UnrealEngine/4.8/DerivedDataCache/Boot.ddc
[2015.06.27-09.05.41:308][  0]LogDerivedDataCache: FDerivedDataBackendGraph:  Pak pak cache file ../../../../../../UE4Projects/LabyrinthGame/DerivedDataCache/DDC.ddp not found, will not use a pak cache.
[2015.06.27-09.05.41:308][  0]LogDerivedDataCache: Unable to find inner node Pak for hierarchical cache Hierarchy.
[2015.06.27-09.05.41:309][  0]LogDerivedDataCache: FDerivedDataBackendGraph:  CompressedPak pak cache file ../../../../../../UE4Projects/LabyrinthGame/DerivedDataCache/Compressed.ddp not found, will not use a pak cache.
[2015.06.27-09.05.41:309][  0]LogDerivedDataCache: Unable to find inner node CompressedPak for hierarchical cache Hierarchy.
[2015.06.27-09.05.41:535][  0]LogDerivedDataCache:Display: Pak cache opened for reading ../../../Engine/DerivedDataCache/Compressed.ddp.
[2015.06.27-09.05.41:548][  0]LogDerivedDataCache: Using Local data cache path C:/Users/Jojo/AppData/Local/UnrealEngine/Common/DerivedDataCache: Writable
[2015.06.27-09.05.56:378][  0]LogInit: Selected Device Profile: [Windows]
[2015.06.27-09.05.56:671][  0]ImportText (ComponentSweepMultiTests): Missing closing parenthesis: (RootShapeAsset="/Engine/BasicShapes/Cube.Cube",ShapeType="TriggerCapsule",HitResult=(Time=0.50,Location=(X=-100.000015,Y=0.0,Z=100.000015),ImpactPoint=(X=-50.0,Y=0.0,Z=50.0),Normal=(X=-1.0,Y=-0.0,Z=0.0),ImpactNormal=(X=0.0,Y=0.0,Z=1.0),TraceStart=(X=-200.0,Y=0.0,Z=200.0),TraceEnd=(X=0.0,Y=0.0,Z=0.0))
[2015.06.27-09.05.56:672][  0]ImportText (LineTraceSingleByChannelTests): Missing closing parenthesis: (RootShapeAsset="/Engine/BasicShapes/Cube.Cube",HitResult=(Time=0.50,Location=(X=-100.000015,Y=0.0,Z=100.000015),ImpactPoint=(X=-50.0,Y=0.0,Z=50.0),Normal=(X=-1.0,Y=-0.0,Z=0.0),ImpactNormal=(X=0.0,Y=0.0,Z=1.0),TraceStart=(X=-200.0,Y=0.0,Z=200.0),TraceEnd=(X=0.0,Y=0.0,Z=0.0))
[2015.06.27-09.05.57:132][  0]LogMeshUtilities: No automatic mesh reduction module available
[2015.06.27-09.05.57:132][  0]LogMeshUtilities: No automatic mesh merging module available
[2015.06.27-09.06.06:231][  0]LogInit: WinSock: version 1.1 (2.2), MaxSocks=32767, MaxUdp=65467
[2015.06.27-09.06.37:601][  0]UdpMessaging: Initializing bridge on interface 0.0.0.0:0 to multicast group 230.0.0.1:6666.
[2015.06.27-09.06.40:624][  0]SourceControl: Info Source control is disabled
[2015.06.27-09.06.40:691][  0]SourceControl: Info Source control is disabled
[2015.06.27-09.06.40:781][  0]SourceControl: Info Source control is disabled
[2015.06.27-09.06.40:844][  0]SourceControl: Info Source control is disabled
[2015.06.27-09.06.42:403][  0]LogObj: 26273 objects as part of root set at end of initial load.
[2015.06.27-09.06.42:403][  0]LogUObjectAllocator: 5409248 out of 0 bytes used by permanent object pool.
[2015.06.27-09.06.43:295][  0]LogEngine: Initializing Engine...
[2015.06.27-09.06.43:309][  0]LogHMD: Can't find Oculus library dev build: is proper Runtime installed? Version: 0.6.0.0
[2015.06.27-09.06.43:410][  0]LogHMD:Warning: SteamVR failed to initialize.  Error: 110
[2015.06.27-09.06.44:872][  0]LogAIModule: Creating AISystem for world NewWorld
[2015.06.27-09.06.45:006][  0]LogInit: XAudio2 using 'Lautsprecher (Realtek High Definition Audio)' : 2 channels at 48 kHz using 32 bits per sample (channel mask 0x3)
[2015.06.27-09.06.45:033][  0]LogInit: FAudioDevice initialized.
[2015.06.27-09.06.45:074][  0]LogDerivedDataCache: Saved boot cache 0.04s 53MB C:/Users/Jojo/AppData/Local/UnrealEngine/4.8/DerivedDataCache/Boot.ddc.
[2015.06.27-09.06.45:081][  0]LogInit: Texture streaming: Disabled
[2015.06.27-09.06.45:153][  0]LogAnalytics: Creating configured Analytics provider AnalyticsET
[2015.06.27-09.06.45:153][  0]LogAnalytics: [UEEditor.Rocket.Release] APIServer = http://et2.epicgames.com/ET2/. AppVersion = 4.8.1-2591939+++depot+UE4-Releases+4.8
[2015.06.27-09.06.45:153][  0]LogAnalytics: [UEEditor.Rocket.Release] SetUserId 35c0e80c478540944be74f9a5c7e4fcf|55f381fc8d29447a96f73e322a1b9569|6f162d6a-f12e-45d0-bb36-f40b26500ad8
[2015.06.27-09.06.45:189][  0]LogAnalytics: [UEEditor.Rocket.Release] AnalyticsET::StartSession
[2015.06.27-09.06.45:477][  0]LogInit: Transaction tracking system initialized
[2015.06.27-09.06.46:465][  0]BlueprintLog: New page: Editor Load
[2015.06.27-09.06.46:711][  0]LogAssetRegistry: FAssetRegistry took 0.0392 seconds to start up
[2015.06.27-09.06.46:736][  0]LogDirectoryWatcher:Warning: Failed to begin reading directory changes for ../../../Engine/Plugins/Experimental/CharacterAI/Content/. Error: 0
[2015.06.27-09.06.53:362][  0]LogConsoleManager:Warning: Console variable 'r.VSync' wasn't set ('GameSetting' has a lower priority than 'SystemSettingsIni')
[2015.06.27-09.06.53:363][  0]LogConsoleResponse:Display: 
[2015.06.27-09.06.56:837][  0]LogCook:Display: Done creating registry. It took  0.00s.
[2015.06.27-09.06.58:792][  0]SourceControl: Info Source control is disabled
[2015.06.27-09.06.58:833][  0]Cmd: MAP LOAD FILE="../../../../../../UE4Projects/LabyrinthGame/Content/FirstPersonBP/Maps/FirstPersonExampleMap.umap" TEMPLATE=0 SHOWPROGRESS=1 FEATURELEVEL=3
[2015.06.27-09.06.58:929][  0]LightingResults: New page: Lighting Build
[2015.06.27-09.06.59:249][  0]MapCheck: New page: Map Check
[2015.06.27-09.06.59:249][  0]LightingResults: New page: Lighting Build
[2015.06.27-09.06.59:642][  0]LogParticles: Destroying 0 GPU particle simulations for FXSystem 0x0000000015A928E0
[2015.06.27-09.07.03:912][  0]LogAIModule: Creating AISystem for world FirstPersonExampleMap
[2015.06.27-09.07.04:979][  0]LogEditorServer: Finished looking for orphan Actors (0.000 secs)
[2015.06.27-09.07.05:036][  0]Cmd: MAP CHECKDEP NOCLEARLOG
[2015.06.27-09.07.05:123][  0]MapCheck: Info Map check complete: 0 Error(s), 0 Warning(s), took 86.389ms to complete.
[2015.06.27-09.07.05:123][  0]LogFileHelpers: Loading map 'FirstPersonExampleMap' took 6.297
[2015.06.27-09.07.07:239][  0]LogCollectionManager: Loaded 0 collections in 0.002073 seconds
[2015.06.27-09.07.07:248][  0]LogContentBrowser: Native class hierarchy populated in 0.0091 seconds. Added 1792 classes and 301 folders.
[2015.06.27-09.07.07:673][  0]LogContentBrowser: Native class hierarchy updated for 'WidgetCarousel' in 0.0006 seconds. Added 0 classes and 0 folders.
[2015.06.27-09.07.08:449][  0]LogContentBrowser: Native class hierarchy updated for 'AddContentDialog' in 0.0005 seconds. Added 0 classes and 0 folders.
[2015.06.27-09.07.08:656][  0]LogContentBrowser: Native class hierarchy updated for 'SceneOutliner' in 0.0008 seconds. Added 1 classes and 2 folders.
[2015.06.27-09.07.09:340][  0]LogCrashTracker: Crashtracker disabled due to settings.
[2015.06.27-09.07.09:448][  0]LogUObjectGlobals:Warning: Failed to find object 'Class None.'
[2015.06.27-09.07.09:546][  0]LogLoad: Full Startup: 112.39 seconds (BP compile: 1.80 seconds)
[2015.06.27-09.07.10:556][  0]LogContentStreaming: Texture pool size is 0.000000MB
[2015.06.27-09.07.10:802][  0]LogContentStreaming: Texture pool size now 1000 MB
[2015.06.27-09.07.12:285][  0]LogRenderer: Reallocating scene render targets to support 1056x560 (Frame:2).
[2015.06.27-09.07.13:132][  8]LogAssetRegistry: Asset discovery search completed in 26.4314 seconds
[2015.06.27-09.07.36:069][226]LogEditorViewport: Clicking on Actor (LMB): LabyrinthGround_C (LabyrinthGround2)
[2015.06.27-09.08.36:844][434]LogLinker:Warning: Asset '../../../Engine/Content/ArtTools/RenderToTexture/Macros/RenderToTextureMacros.uasset' has been saved with empty engine version. The asset will be loaded but may be incompatible.
[2015.06.27-09.08.37:024][434]LogLinker:Warning: Asset '../../../Engine/Content/ArtTools/RenderToTexture/Enums/RenderToTexture_Enum.uasset' has been saved with empty engine version. The asset will be loaded but may be incompatible.
[2015.06.27-09.09.25:047][388]LogRenderer: Reallocating scene render targets to support 1056x720 (Frame:15951).
[2015.06.27-09.09.41:908][662]LogActorComponent: UnregisterComponent: (/Engine/Transient.ProjectileMovementComponent_40__A6522401) Not registered. Aborting.
[2015.06.27-09.09.41:908][662]LogActorComponent: UnregisterComponent: (/Engine/Transient.CharMoveComp) Not registered. Aborting.
[2015.06.27-09.09.49:085][101]BlueprintLog: New page: Compile Tile
[2015.06.27-09.09.49:802][101]BlueprintEditorCompileResults: Info [0272.64] Compile of Tile successful! [in 717 ms]
[2015.06.27-09.09.53:282][320]Cmd: DELETE
[2015.06.27-09.09.53:282][320]Cmd: ACTOR DELETE
[2015.06.27-09.09.53:375][320]LogEditorActor: Deleted Actor: Tile_C
[2015.06.27-09.09.53:432][320]LogEditorActor: Deleted 1 Actors (0.058 secs)
[2015.06.27-09.09.58:756][756]LogEditorViewport: Clicking on Actor (LMB): LabyrinthGround_C (LabyrinthGround2)
[2015.06.27-09.10.51:995][571]LogEditorViewport: Clicking on Actor (LMB): LabyrinthGround_C (LabyrinthGround2)
[2015.06.27-09.11.13:153][836]LogScript:Warning: Accessed None 'GroundTile'
	LabyrinthGround_C /Game/FirstPersonBP/Maps/FirstPersonExampleMap.FirstPersonExampleMap:PersistentLevel.LabyrinthGround_C_2
	Function /Game/Labyrinth/LabyrinthGround.LabyrinthGround_C:UserConstructionScript:0320
[2015.06.27-09.11.13:153][836]LogScript:Warning: Accessed None 'GroundTile'
	LabyrinthGround_C /Game/FirstPersonBP/Maps/FirstPersonExampleMap.FirstPersonExampleMap:PersistentLevel.LabyrinthGround_C_2
	Function /Game/Labyrinth/LabyrinthGround.LabyrinthGround_C:UserConstructionScript:0320
[2015.06.27-09.11.13:153][836]LogScript:Warning: Accessed None 'GroundTile'
	LabyrinthGround_C /Game/FirstPersonBP/Maps/FirstPersonExampleMap.FirstPersonExampleMap:PersistentLevel.LabyrinthGround_C_2
	Function /Game/Labyrinth/LabyrinthGround.LabyrinthGround_C:UserConstructionScript:0320
[2015.06.27-09.11.13:153][836]LogScript:Warning: Accessed None 'GroundTile'
	LabyrinthGround_C /Game/FirstPersonBP/Maps/FirstPersonExampleMap.FirstPersonExampleMap:PersistentLevel.LabyrinthGround_C_2
	Function /Game/Labyrinth/LabyrinthGround.LabyrinthGround_C:UserConstructionScript:0320
[2015.06.27-09.11.13:153][836]LogScript:Warning: Accessed None 'GroundTile'
	LabyrinthGround_C /Game/FirstPersonBP/Maps/FirstPersonExampleMap.FirstPersonExampleMap:PersistentLevel.LabyrinthGround_C_2
	Function /Game/Labyrinth/LabyrinthGround.LabyrinthGround_C:UserConstructionScript:0320
[2015.06.27-09.11.13:153][836]LogScript:Warning: Accessed None 'GroundTile'
	LabyrinthGround_C /Game/FirstPersonBP/Maps/FirstPersonExampleMap.FirstPersonExampleMap:PersistentLevel.LabyrinthGround_C_2
	Function /Game/Labyrinth/LabyrinthGround.LabyrinthGround_C:UserConstructionScript:0320
[2015.06.27-09.11.13:153][836]LogScript:Warning: Accessed None 'GroundTile'
	LabyrinthGround_C /Game/FirstPersonBP/Maps/FirstPersonExampleMap.FirstPersonExampleMap:PersistentLevel.LabyrinthGround_C_2
	Function /Game/Labyrinth/LabyrinthGround.LabyrinthGround_C:UserConstructionScript:0320
[2015.06.27-09.11.13:153][836]LogScript:Warning: Accessed None 'GroundTile'
	LabyrinthGround_C /Game/FirstPersonBP/Maps/FirstPersonExampleMap.FirstPersonExampleMap:PersistentLevel.LabyrinthGround_C_2
	Function /Game/Labyrinth/LabyrinthGround.LabyrinthGround_C:UserConstructionScript:0320
[2015.06.27-09.11.13:153][836]LogScript:Warning: Accessed None 'GroundTile'
	LabyrinthGround_C /Game/FirstPersonBP/Maps/FirstPersonExampleMap.FirstPersonExampleMap:PersistentLevel.LabyrinthGround_C_2
	Function /Game/Labyrinth/LabyrinthGround.LabyrinthGround_C:UserConstructionScript:0320
[2015.06.27-09.11.13:153][836]LogScript:Warning: Accessed None 'GroundTile'
	LabyrinthGround_C /Game/FirstPersonBP/Maps/FirstPersonExampleMap.FirstPersonExampleMap:PersistentLevel.LabyrinthGround_C_2
	Function /Game/Labyrinth/LabyrinthGround.LabyrinthGround_C:UserConstructionScript:0320
[2015.06.27-09.11.13:153][836]LogScript:Warning: Accessed None 'GroundTile'
	LabyrinthGround_C /Game/FirstPersonBP/Maps/FirstPersonExampleMap.FirstPersonExampleMap:PersistentLevel.LabyrinthGround_C_2
	Function /Game/Labyrinth/LabyrinthGround.LabyrinthGround_C:UserConstructionScript:0320
[2015.06.27-09.11.13:153][836]LogScript:Warning: Accessed None 'GroundTile'
	LabyrinthGround_C /Game/FirstPersonBP/Maps/FirstPersonExampleMap.FirstPersonExampleMap:PersistentLevel.LabyrinthGround_C_2
	Function /Game/Labyrinth/LabyrinthGround.LabyrinthGround_C:UserConstructionScript:0320
[2015.06.27-09.11.13:153][836]LogScript:Warning: Accessed None 'GroundTile'
	LabyrinthGround_C /Game/FirstPersonBP/Maps/FirstPersonExampleMap.FirstPersonExampleMap:PersistentLevel.LabyrinthGround_C_2
	Function /Game/Labyrinth/LabyrinthGround.LabyrinthGround_C:UserConstructionScript:0320
[2015.06.27-09.11.13:154][836]LogScript:Warning: Accessed None 'GroundTile'
	LabyrinthGround_C /Game/FirstPersonBP/Maps/FirstPersonExampleMap.FirstPersonExampleMap:PersistentLevel.LabyrinthGround_C_2
	Function /Game/Labyrinth/LabyrinthGround.LabyrinthGround_C:UserConstructionScript:0320
[2015.06.27-09.11.13:154][836]LogScript:Warning: Accessed None 'GroundTile'
	LabyrinthGround_C /Game/FirstPersonBP/Maps/FirstPersonExampleMap.FirstPersonExampleMap:PersistentLevel.LabyrinthGround_C_2
	Function /Game/Labyrinth/LabyrinthGround.LabyrinthGround_C:UserConstructionScript:0320
[2015.06.27-09.11.13:154][836]LogScript:Warning: Accessed None 'GroundTile'
	LabyrinthGround_C /Game/FirstPersonBP/Maps/FirstPersonExampleMap.FirstPersonExampleMap:PersistentLevel.LabyrinthGround_C_2
	Function /Game/Labyrinth/LabyrinthGround.LabyrinthGround_C:UserConstructionScript:0320
[2015.06.27-09.11.13:154][836]LogScript:Warning: Accessed None 'GroundTile'
	LabyrinthGround_C /Game/FirstPersonBP/Maps/FirstPersonExampleMap.FirstPersonExampleMap:PersistentLevel.LabyrinthGround_C_2
	Function /Game/Labyrinth/LabyrinthGround.LabyrinthGround_C:UserConstructionScript:0320
[2015.06.27-09.11.13:162][836]LogScript:Warning: Accessed None 'GroundTile'
	LabyrinthGround_C /Engine/Transient.World_2:PersistentLevel.LabyrinthGround_C_3
	Function /Game/Labyrinth/LabyrinthGround.LabyrinthGround_C:UserConstructionScript:0320
[2015.06.27-09.11.13:162][836]LogScript:Warning: Accessed None 'GroundTile'
	LabyrinthGround_C /Engine/Transient.World_2:PersistentLevel.LabyrinthGround_C_3
	Function /Game/Labyrinth/LabyrinthGround.LabyrinthGround_C:UserConstructionScript:0320
[2015.06.27-09.11.13:162][836]LogScript:Warning: Accessed None 'GroundTile'
	LabyrinthGround_C /Engine/Transient.World_2:PersistentLevel.LabyrinthGround_C_3
	Function /Game/Labyrinth/LabyrinthGround.LabyrinthGround_C:UserConstructionScript:0320
[2015.06.27-09.11.13:162][836]LogScript:Warning: Accessed None 'GroundTile'
	LabyrinthGround_C /Engine/Transient.World_2:PersistentLevel.LabyrinthGround_C_3
	Function /Game/Labyrinth/LabyrinthGround.LabyrinthGround_C:UserConstructionScript:0320
[2015.06.27-09.11.13:162][836]LogScript:Warning: Accessed None 'GroundTile'
	LabyrinthGround_C /Engine/Transient.World_2:PersistentLevel.LabyrinthGround_C_3
	Function /Game/Labyrinth/LabyrinthGround.LabyrinthGround_C:UserConstructionScript:0320
[2015.06.27-09.11.13:162][836]LogScript:Warning: Accessed None 'GroundTile'
	LabyrinthGround_C /Engine/Transient.World_2:PersistentLevel.LabyrinthGround_C_3
	Function /Game/Labyrinth/LabyrinthGround.LabyrinthGround_C:UserConstructionScript:0320
[2015.06.27-09.11.13:162][836]LogScript:Warning: Accessed None 'GroundTile'
	LabyrinthGround_C /Engine/Transient.World_2:PersistentLevel.LabyrinthGround_C_3
	Function /Game/Labyrinth/LabyrinthGround.LabyrinthGround_C:UserConstructionScript:0320
[2015.06.27-09.11.13:162][836]LogScript:Warning: Accessed None 'GroundTile'
	LabyrinthGround_C /Engine/Transient.World_2:PersistentLevel.LabyrinthGround_C_3
	Function /Game/Labyrinth/LabyrinthGround.LabyrinthGround_C:UserConstructionScript:0320
[2015.06.27-09.11.13:162][836]LogScript:Warning: Accessed None 'GroundTile'
	LabyrinthGround_C /Engine/Transient.World_2:PersistentLevel.LabyrinthGround_C_3
	Function /Game/Labyrinth/LabyrinthGround.LabyrinthGround_C:UserConstructionScript:0320
[2015.06.27-09.11.13:162][836]LogScript:Warning: Accessed None 'GroundTile'
	LabyrinthGround_C /Engine/Transient.World_2:PersistentLevel.LabyrinthGround_C_3
	Function /Game/Labyrinth/LabyrinthGround.LabyrinthGround_C:UserConstructionScript:0320
[2015.06.27-09.11.13:162][836]LogScript:Warning: Accessed None 'GroundTile'
	LabyrinthGround_C /Engine/Transient.World_2:PersistentLevel.LabyrinthGround_C_3
	Function /Game/Labyrinth/LabyrinthGround.LabyrinthGround_C:UserConstructionScript:0320
[2015.06.27-09.11.13:163][836]LogScript:Warning: Accessed None 'GroundTile'
	LabyrinthGround_C /Engine/Transient.World_2:PersistentLevel.LabyrinthGround_C_3
	Function /Game/Labyrinth/LabyrinthGround.LabyrinthGround_C:UserConstructionScript:0320
[2015.06.27-09.11.13:163][836]LogScript:Warning: Accessed None 'GroundTile'
	LabyrinthGround_C /Engine/Transient.World_2:PersistentLevel.LabyrinthGround_C_3
	Function /Game/Labyrinth/LabyrinthGround.LabyrinthGround_C:UserConstructionScript:0320
[2015.06.27-09.11.13:163][836]LogScript:Warning: Accessed None 'GroundTile'
	LabyrinthGround_C /Engine/Transient.World_2:PersistentLevel.LabyrinthGround_C_3
	Function /Game/Labyrinth/LabyrinthGround.LabyrinthGround_C:UserConstructionScript:0320
[2015.06.27-09.11.13:163][836]LogScript:Warning: Accessed None 'GroundTile'
	LabyrinthGround_C /Engine/Transient.World_2:PersistentLevel.LabyrinthGround_C_3
	Function /Game/Labyrinth/LabyrinthGround.LabyrinthGround_C:UserConstructionScript:0320
[2015.06.27-09.11.13:163][836]LogScript:Warning: Accessed None 'GroundTile'
	LabyrinthGround_C /Engine/Transient.World_2:PersistentLevel.LabyrinthGround_C_3
	Function /Game/Labyrinth/LabyrinthGround.LabyrinthGround_C:UserConstructionScript:0320
[2015.06.27-09.11.13:163][836]LogScript:Warning: Accessed None 'GroundTile'
	LabyrinthGround_C /Engine/Transient.World_2:PersistentLevel.LabyrinthGround_C_3
	Function /Game/Labyrinth/LabyrinthGround.LabyrinthGround_C:UserConstructionScript:0320
[2015.06.27-09.11.13:427][836]LogSCSEditor:Warning: Calling UpdateTree() from Tick() more frequently than expected due to invalid tree node state. This might be a performance issue.
[2015.06.27-09.12.09:721][166]BlueprintLog: New page: Compile Tile
[2015.06.27-09.12.09:858][166]BlueprintEditorCompileResults: Info [0412.69] Compile of Tile successful! [in 136 ms]
[2015.06.27-09.12.23:648][297]BlueprintLog: New page: Compile Tile
[2015.06.27-09.12.23:745][297]BlueprintEditorCompileResults: Info [0426.58] Compile of Tile successful! [in 96 ms]
[2015.06.27-09.17.22:567][145]LogSavePackage: Save=300.439117ms
[2015.06.27-09.17.22:567][145]LogSavePackage: Moving '../../../../../../UE4Projects/LabyrinthGame/Saved/FirstPersonExampleMap_Auto182D3A50945C08F0E9154F0998048E481.tmp' to '../../../../../../UE4Projects/LabyrinthGame/Saved/Autosaves/Game/FirstPersonBP/Maps/FirstPersonExampleMap_Auto1.umap'
[2015.06.27-09.17.22:608][145]LogFileHelpers: Editor autosave (incl. sublevels) for '/Game/FirstPersonBP/Maps/FirstPersonExampleMap' took 0.723
[2015.06.27-09.17.22:608][145]LogFileHelpers: Editor autosave (incl. sublevels) for all levels took 0.723
[2015.06.27-09.17.22:615][145]OBJ SavePackage: Generating thumbnails for [0] asset(s) in package [/Game/Labyrinth/LabyrinthGround] ([1] browsable assets)...
[2015.06.27-09.17.22:615][145]OBJ SavePackage: Finished generating thumbnails for package [/Game/Labyrinth/LabyrinthGround]
[2015.06.27-09.17.22:615][145]Cmd: OBJ SAVEPACKAGE PACKAGE="/Game/Labyrinth/LabyrinthGround" FILE="../../../../../../UE4Projects/LabyrinthGame/Saved/Autosaves/Game/Labyrinth/LabyrinthGround_Auto1.uasset" SILENT=false AUTOSAVING=true
[2015.06.27-09.17.22:718][145]LogSavePackage: Save=18.277802ms
[2015.06.27-09.17.22:718][145]LogSavePackage: Moving '../../../../../../UE4Projects/LabyrinthGame/Saved/LabyrinthGround_Auto1FC76236B40022A99C0E0739E4F3A79A3.tmp' to '../../../../../../UE4Projects/LabyrinthGame/Saved/Autosaves/Game/Labyrinth/LabyrinthGround_Auto1.uasset'
[2015.06.27-09.17.22:728][145]OBJ SavePackage: Generating thumbnails for [1] asset(s) in package [/Game/Labyrinth/Tile] ([1] browsable assets)...
[2015.06.27-09.17.22:845][145]OBJ SavePackage:     Rendered thumbnail for [Blueprint /Game/Labyrinth/Tile.Tile]
[2015.06.27-09.17.22:845][145]OBJ SavePackage: Finished generating thumbnails for package [/Game/Labyrinth/Tile]
[2015.06.27-09.17.22:846][145]Cmd: OBJ SAVEPACKAGE PACKAGE="/Game/Labyrinth/Tile" FILE="../../../../../../UE4Projects/LabyrinthGame/Saved/Autosaves/Game/Labyrinth/Tile_Auto1.uasset" SILENT=false AUTOSAVING=true
[2015.06.27-09.17.22:920][145]LogSavePackage: Save=71.425056ms
[2015.06.27-09.17.22:920][145]LogSavePackage: Moving '../../../../../../UE4Projects/LabyrinthGame/Saved/Tile_Auto14A87607A420E6303B54B3CB2799E619B.tmp' to '../../../../../../UE4Projects/LabyrinthGame/Saved/Autosaves/Game/Labyrinth/Tile_Auto1.uasset'
[2015.06.27-09.17.22:922][145]LogFileHelpers: Auto-saving content packages took 0.313
[2015.06.27-09.18.04:791][708]BlueprintLog: New page: Compile Tile
[2015.06.27-09.18.04:906][708]BlueprintEditorCompileResults: Info [0767.73] Compile of Tile successful! [in 115 ms]
[2015.06.27-09.18.15:855][665]LogLinker:Warning: Can't find file '/Game/Labyrinth/Tile'
[2015.06.27-09.18.15:862][665]LogLinker: Can't find file '/Game/Labyrinth/Tile'
[2015.06.27-09.18.15:863][665]LogLinker:Warning: Can't find file '/Game/Labyrinth/Tile'
[2015.06.27-09.18.15:863][665]LogLinker: Can't find file '/Game/Labyrinth/Tile'
[2015.06.27-09.18.16:039][677]LogLinker:Warning: Can't find file '/Game/Labyrinth/Tile'
[2015.06.27-09.18.16:039][677]LogLinker: Can't find file '/Game/Labyrinth/Tile'
[2015.06.27-09.18.16:039][677]LogLinker:Warning: Can't find file '/Game/Labyrinth/Tile'
[2015.06.27-09.18.16:039][677]LogLinker: Can't find file '/Game/Labyrinth/Tile'
[2015.06.27-09.18.20:699][112]LogEditorViewport: Clicking on Actor (context menu): BP_Sky_Sphere_C (SkySphereBlueprint)
[2015.06.27-09.18.20:954][112]LogLinker:Warning: Can't find file '/Game/Labyrinth/Tile'
[2015.06.27-09.18.20:954][112]LogLinker: Can't find file '/Game/Labyrinth/Tile'
[2015.06.27-09.18.20:955][112]LogLinker:Warning: Can't find file '/Game/Labyrinth/Tile'
[2015.06.27-09.18.20:956][112]LogLinker: Can't find file '/Game/Labyrinth/Tile'
[2015.06.27-09.18.22:796][255]LogEditorViewport: Clicking on Actor (LMB): Tile_C (Tile)
[2015.06.27-09.18.43:665][176]Cmd: DELETE
[2015.06.27-09.18.43:665][176]Cmd: ACTOR DELETE
[2015.06.27-09.18.43:666][176]LogEditorActor: Deleted Actor: Tile_C
[2015.06.27-09.18.43:704][176]LogEditorActor: Deleted 1 Actors (0.039 secs)
[2015.06.27-09.18.47:299][547]Cmd: OBJ SAVEPACKAGE PACKAGE="/Game/Labyrinth/Tile" FILE="../../../../../../UE4Projects/LabyrinthGame/Content/Labyrinth/Tile.uasset" SILENT=true
[2015.06.27-09.18.47:322][547]LogSavePackage: Save=20.775635ms
[2015.06.27-09.18.47:322][547]LogSavePackage: Moving '../../../../../../UE4Projects/LabyrinthGame/Saved/Tile6CBC6C2E47A8957363DB57BF08431B23.tmp' to '../../../../../../UE4Projects/LabyrinthGame/Content/Labyrinth/Tile.uasset'
[2015.06.27-09.27.24:371][460]LogSavePackage: Save=77.268929ms
[2015.06.27-09.27.24:371][460]LogSavePackage: Moving '../../../../../../UE4Projects/LabyrinthGame/Saved/FirstPersonExampleMap_Auto231C6A65848DA5B04BC5BF5A4111B6106.tmp' to '../../../../../../UE4Projects/LabyrinthGame/Saved/Autosaves/Game/FirstPersonBP/Maps/FirstPersonExampleMap_Auto2.umap'
[2015.06.27-09.27.28:219][460]LogFileHelpers: Editor autosave (incl. sublevels) for '/Game/FirstPersonBP/Maps/FirstPersonExampleMap' took 4.107
[2015.06.27-09.27.28:219][460]LogFileHelpers: Editor autosave (incl. sublevels) for all levels took 4.107
[2015.06.27-09.27.28:241][460]OBJ SavePackage: Generating thumbnails for [1] asset(s) in package [/Game/Labyrinth/Tile] ([1] browsable assets)...
[2015.06.27-09.27.28:256][460]OBJ SavePackage:     Rendered thumbnail for [Blueprint /Game/Labyrinth/Tile.Tile]
[2015.06.27-09.27.28:256][460]OBJ SavePackage: Finished generating thumbnails for package [/Game/Labyrinth/Tile]
[2015.06.27-09.27.28:256][460]Cmd: OBJ SAVEPACKAGE PACKAGE="/Game/Labyrinth/Tile" FILE="../../../../../../UE4Projects/LabyrinthGame/Saved/Autosaves/Game/Labyrinth/Tile_Auto2.uasset" SILENT=false AUTOSAVING=true
[2015.06.27-09.27.28:314][460]LogSavePackage: Save=22.720776ms
[2015.06.27-09.27.28:314][460]LogSavePackage: Moving '../../../../../../UE4Projects/LabyrinthGame/Saved/Tile_Auto2998C193549FF5DEA286A97AC2D236F7E.tmp' to '../../../../../../UE4Projects/LabyrinthGame/Saved/Autosaves/Game/Labyrinth/Tile_Auto2.uasset'
[2015.06.27-09.27.28:360][460]LogFileHelpers: Auto-saving content packages took 0.124
[2015.06.27-09.28.38:507][852]BlueprintLog: New page: Compile Tile
[2015.06.27-09.28.38:613][852]BlueprintEditorCompileResults: Info [1401.42] Compile of Tile successful! [in 106 ms]
[2015.06.27-09.30.12:394][690]BlueprintLog: New page: Compile Tile
[2015.06.27-09.30.12:486][690]BlueprintEditorCompileResults: Info [1495.29] Compile of Tile successful! [in 91 ms]
[2015.06.27-09.37.29:010][234]LogFileHelpers: Editor autosave (incl. sublevels) for '/Game/FirstPersonBP/Maps/FirstPersonExampleMap' took 0.035
[2015.06.27-09.37.29:015][234]OBJ SavePackage: Generating thumbnails for [1] asset(s) in package [/Game/Labyrinth/Tile] ([1] browsable assets)...
[2015.06.27-09.37.29:035][234]OBJ SavePackage:     Rendered thumbnail for [Blueprint /Game/Labyrinth/Tile.Tile]
[2015.06.27-09.37.29:035][234]OBJ SavePackage: Finished generating thumbnails for package [/Game/Labyrinth/Tile]
[2015.06.27-09.37.29:035][234]Cmd: OBJ SAVEPACKAGE PACKAGE="/Game/Labyrinth/Tile" FILE="../../../../../../UE4Projects/LabyrinthGame/Saved/Autosaves/Game/Labyrinth/Tile_Auto3.uasset" SILENT=false AUTOSAVING=true
[2015.06.27-09.37.29:078][234]LogSavePackage: Save=26.602001ms
[2015.06.27-09.37.29:078][234]LogSavePackage: Moving '../../../../../../UE4Projects/LabyrinthGame/Saved/Tile_Auto3A69EA1494B5943754A7AA0954F145E67.tmp' to '../../../../../../UE4Projects/LabyrinthGame/Saved/Autosaves/Game/Labyrinth/Tile_Auto3.uasset'
[2015.06.27-09.37.29:079][234]LogFileHelpers: Auto-saving content packages took 0.068
[2015.06.27-09.45.59:833][757]BlueprintLog: New page: Compile Tile
[2015.06.27-09.45.59:930][757]BlueprintEditorCompileResults: Info [2442.71] Compile of Tile successful! [in 96 ms]
[2015.06.27-09.47.31:265][ 66]LogFileHelpers: Editor autosave (incl. sublevels) for '/Game/FirstPersonBP/Maps/FirstPersonExampleMap' took 0.034
[2015.06.27-09.47.31:271][ 66]OBJ SavePackage: Generating thumbnails for [1] asset(s) in package [/Game/Labyrinth/Tile] ([1] browsable assets)...
[2015.06.27-09.47.31:287][ 66]OBJ SavePackage:     Rendered thumbnail for [Blueprint /Game/Labyrinth/Tile.Tile]
[2015.06.27-09.47.31:287][ 66]OBJ SavePackage: Finished generating thumbnails for package [/Game/Labyrinth/Tile]
[2015.06.27-09.47.31:287][ 66]Cmd: OBJ SAVEPACKAGE PACKAGE="/Game/Labyrinth/Tile" FILE="../../../../../../UE4Projects/LabyrinthGame/Saved/Autosaves/Game/Labyrinth/Tile_Auto4.uasset" SILENT=false AUTOSAVING=true
[2015.06.27-09.47.31:316][ 66]LogSavePackage: Save=26.949133ms
[2015.06.27-09.47.31:316][ 66]LogSavePackage: Moving '../../../../../../UE4Projects/LabyrinthGame/Saved/Tile_Auto40CA2CFD3485A8514720882A8B88ED5C9.tmp' to '../../../../../../UE4Projects/LabyrinthGame/Saved/Autosaves/Game/Labyrinth/Tile_Auto4.uasset'
[2015.06.27-09.47.31:317][ 66]LogFileHelpers: Auto-saving content packages took 0.050
[2015.06.27-09.50.24:350][ 79]Cmd: OBJ SAVEPACKAGE PACKAGE="/Game/Labyrinth/Tile" FILE="../../../../../../UE4Projects/LabyrinthGame/Content/Labyrinth/Tile.uasset" SILENT=true
[2015.06.27-09.50.24:372][ 79]LogSavePackage: Save=21.021948ms
[2015.06.27-09.50.24:372][ 79]LogSavePackage: Moving '../../../../../../UE4Projects/LabyrinthGame/Saved/TileA90E0CA849F9E375B0E2B68A70327118.tmp' to '../../../../../../UE4Projects/LabyrinthGame/Content/Labyrinth/Tile.uasset'
[2015.06.27-09.52.43:895][493]BlueprintLog: New page: Compile LabyrinthGround
[2015.06.27-09.52.44:002][493]BlueprintEditorCompileResults: Info [2846.77] Compile of LabyrinthGround successful! [in 106 ms]
[2015.06.27-09.52.47:414][838]BlueprintLog: New page: Compile LabyrinthGround
[2015.06.27-09.52.47:510][838]BlueprintEditorCompileResults: Info [2850.28] Compile of LabyrinthGround successful! [in 95 ms]
[2015.06.27-09.52.53:215][303]Cmd: DELETE
[2015.06.27-09.52.53:215][303]Cmd: ACTOR DELETE
[2015.06.27-09.52.53:216][303]LogEditorActor: Deleted Actor: LabyrinthGround_C
[2015.06.27-09.52.53:257][303]LogEditorActor: Deleted 1 Actors (0.041 secs)
[2015.06.27-09.53.01:050][894]Cmd: SELECT NONE
[2015.06.27-09.54.34:432][314]BlueprintLog: New page: Compile LabyrinthGround
[2015.06.27-09.54.34:552][314]BlueprintEditorCompileResults: Info [2957.32] Compile of LabyrinthGround successful! [in 120 ms]
[2015.06.27-09.54.37:455][599]Cmd: OBJ SAVEPACKAGE PACKAGE="/Game/Labyrinth/LabyrinthGround" FILE="../../../../../../UE4Projects/LabyrinthGame/Content/Labyrinth/LabyrinthGround.uasset" SILENT=true
[2015.06.27-09.54.37:477][599]LogSavePackage: Save=17.372545ms
[2015.06.27-09.54.37:477][599]LogSavePackage: Moving '../../../../../../UE4Projects/LabyrinthGame/Saved/LabyrinthGround018C95DB45D7C5ADBBC677A405F460D7.tmp' to '../../../../../../UE4Projects/LabyrinthGame/Content/Labyrinth/LabyrinthGround.uasset'
[2015.06.27-09.54.59:644][ 52]BlueprintLog: New page: Compile LabyrinthGround
[2015.06.27-09.54.59:746][ 52]BlueprintEditorCompileResults: Info [2982.52] Compile of LabyrinthGround successful! [in 101 ms]
[2015.06.27-09.55.32:436][783]BlueprintLog: New page: Compile LabyrinthGround
[2015.06.27-09.55.32:547][783]BlueprintEditorCompileResults: Info [3015.32] Compile of LabyrinthGround successful! [in 110 ms]
[2015.06.27-09.56.19:091][140]BlueprintLog: New page: Compile LabyrinthGround
[2015.06.27-09.56.19:192][140]BlueprintEditorCompileResults: Info [3061.96] Compile of LabyrinthGround successful! [in 100 ms]
[2015.06.27-09.57.01:565][590]BlueprintLog: New page: Compile LabyrinthGround
[2015.06.27-09.57.01:655][590]BlueprintEditorCompileResults: Info [3104.42] Compile of LabyrinthGround successful! [in 90 ms]
[2015.06.27-09.57.02:978][720]LogSavePackage: Save=76.968285ms
[2015.06.27-09.57.02:978][720]LogSavePackage: Moving '../../../../../../UE4Projects/LabyrinthGame/Saved/FirstPersonExampleMap21AA2A234DACB29BA38C00B642470E58.tmp' to '../../../../../../UE4Projects/LabyrinthGame/Content/FirstPersonBP/Maps/FirstPersonExampleMap.umap'
[2015.06.27-09.57.05:363][744]Cmd: OBJ SAVEPACKAGE PACKAGE="/Game/Labyrinth/LabyrinthGround" FILE="../../../../../../UE4Projects/LabyrinthGame/Content/Labyrinth/LabyrinthGround.uasset" SILENT=true
[2015.06.27-09.57.05:375][744]LogSavePackage: Save=9.518632ms
[2015.06.27-09.57.05:375][744]LogSavePackage: Moving '../../../../../../UE4Projects/LabyrinthGame/Saved/LabyrinthGroundBC01DD55415F4BBD56304AA59D9F466D.tmp' to '../../../../../../UE4Projects/LabyrinthGame/Content/Labyrinth/LabyrinthGround.uasset'
[2015.06.27-09.57.05:993][744]LogActorComponent: UnregisterComponent: (/Engine/Transient.EditorFloorComp) Not registered. Aborting.
[2015.06.27-09.57.06:322][745]Cmd: QUIT_EDITOR
[2015.06.27-09.57.06:923][745]LogExit: Preparing to exit.
[2015.06.27-09.57.08:362][745]LogExit: Editor shut down
[2015.06.27-09.57.08:362][745]LogExit: Transaction tracking system shut down
[2015.06.27-09.57.08:364][745]LogParticles: Destroying 0 GPU particle simulations for FXSystem 0x000000000EC98220
[2015.06.27-09.57.08:364][745]LogParticles: Destroying 0 GPU particle simulations for FXSystem 0x000000001803CFE0
[2015.06.27-09.57.08:364][745]LogParticles: Destroying 0 GPU particle simulations for FXSystem 0x00000000218079C0
[2015.06.27-09.57.08:364][745]LogParticles: Destroying 0 GPU particle simulations for FXSystem 0x00000000241C60C0
[2015.06.27-09.57.08:368][745]LogParticles: Destroying 0 GPU particle simulations for FXSystem 0x000000001ECC59E0
[2015.06.27-09.57.08:368][745]LogParticles: Destroying 0 GPU particle simulations for FXSystem 0x00000000207D3600
[2015.06.27-09.57.08:368][745]LogParticles: Destroying 0 GPU particle simulations for FXSystem 0x000000000E8DF420
[2015.06.27-09.57.10:109][745]LogExit: Object subsystem successfully closed.
[2015.06.27-09.57.11:059][745]LogModuleManager: Shutting down and abandoning module CrashTracker (188)
[2015.06.27-09.57.11:059][745]LogModuleManager: Shutting down and abandoning module SceneOutliner (187)
[2015.06.27-09.57.11:059][745]LogModuleManager: Shutting down and abandoning module SuperSearch (186)
[2015.06.27-09.57.11:059][745]LogModuleManager: Shutting down and abandoning module WidgetCarousel (185)
[2015.06.27-09.57.11:078][745]LogModuleManager: Shutting down and abandoning module AddContentDialog (184)
[2015.06.27-09.57.11:106][745]LogModuleManager: Shutting down and abandoning module EditorWidgets (183)
[2015.06.27-09.57.11:106][745]LogModuleManager: Shutting down and abandoning module CollectionManager (182)
[2015.06.27-09.57.11:132][745]LogModuleManager: Shutting down and abandoning module StatsViewer (181)
[2015.06.27-09.57.11:143][745]LogModuleManager: Shutting down and abandoning module FoliageEdit (180)
[2015.06.27-09.57.11:159][745]LogModuleManager: Shutting down and abandoning module LandscapeEditor (179)
[2015.06.27-09.57.11:204][745]LogModuleManager: Shutting down and abandoning module ActorPickerMode (178)
[2015.06.27-09.57.11:204][745]LogModuleManager: Shutting down and abandoning module GeometryMode (177)
[2015.06.27-09.57.11:204][745]LogModuleManager: Shutting down and abandoning module TextureAlignMode (176)
[2015.06.27-09.57.11:204][745]LogModuleManager: Shutting down and abandoning module BspMode (175)
[2015.06.27-09.57.11:205][745]LogModuleManager: Shutting down and abandoning module PlacementMode (174)
[2015.06.27-09.57.11:220][745]LogModuleManager: Shutting down and abandoning module AutomationWorker (173)
[2015.06.27-09.57.11:220][745]LogModuleManager: Shutting down and abandoning module CharacterAI (172)
[2015.06.27-09.57.11:220][745]LogModuleManager: Shutting down and abandoning module SmartSnapping (171)
[2015.06.27-09.57.11:220][745]LogModuleManager: Shutting down and abandoning module ViewportSnapping (170)
[2015.06.27-09.57.11:220][745]LogModuleManager: Shutting down and abandoning module LogVisualizer (169)
[2015.06.27-09.57.11:323][745]LogModuleManager: Shutting down and abandoning module GameProjectGeneration (168)
[2015.06.27-09.57.11:323][745]LogModuleManager: Shutting down and abandoning module IntroTutorials (167)
[2015.06.27-09.57.11:382][745]LogModuleManager: Shutting down and abandoning module EditorLiveStreaming (166)
[2015.06.27-09.57.11:382][745]LogModuleManager: Shutting down and abandoning module IOSPlatformEditor (165)
[2015.06.27-09.57.11:405][745]LogModuleManager: Shutting down and abandoning module HTML5PlatformEditor (164)
[2015.06.27-09.57.11:405][745]LogModuleManager: Shutting down and abandoning module AndroidDeviceDetection (163)
[2015.06.27-09.57.11:736][745]LogModuleManager: Shutting down and abandoning module AndroidPlatformEditor (162)
[2015.06.27-09.57.11:736][745]LogModuleManager: Shutting down and abandoning module IOSRuntimeSettings (161)
[2015.06.27-09.57.11:736][745]LogModuleManager: Shutting down and abandoning module AndroidRuntimeSettings (160)
[2015.06.27-09.57.11:736][745]LogModuleManager: Shutting down and abandoning module MergeActors (159)
[2015.06.27-09.57.11:784][745]LogModuleManager: Shutting down and abandoning module SizeMap (158)
[2015.06.27-09.57.11:784][745]LogModuleManager: Shutting down and abandoning module TreeMap (157)
[2015.06.27-09.57.11:802][745]LogModuleManager: Shutting down and abandoning module ReferenceViewer (156)
[2015.06.27-09.57.11:802][745]LogModuleManager: Shutting down and abandoning module LocalizationDashboard (155)
[2015.06.27-09.57.11:809][745]LogModuleManager: Shutting down and abandoning module HardwareTargeting (154)
[2015.06.27-09.57.11:809][745]LogModuleManager: Shutting down and abandoning module DeviceProfileEditor (153)
[2015.06.27-09.57.11:836][745]LogModuleManager: Shutting down and abandoning module UndoHistory (152)
[2015.06.27-09.57.11:871][745]LogModuleManager: Shutting down and abandoning module GameplayTagsEditor (151)
[2015.06.27-09.57.11:871][745]LogModuleManager: Shutting down and abandoning module UserFeedback (150)
[2015.06.27-09.57.11:871][745]LogModuleManager: Shutting down and abandoning module XmlParser (149)
[2015.06.27-09.57.11:890][745]LogModuleManager: Shutting down and abandoning module Blutility (148)
[2015.06.27-09.57.11:890][745]LogModuleManager: Shutting down and abandoning module ProjectTargetPlatformEditor (147)
[2015.06.27-09.57.11:891][745]LogModuleManager: Shutting down and abandoning module ProjectSettingsViewer (146)
[2015.06.27-09.57.11:891][745]LogModuleManager: Shutting down and abandoning module InputBindingEditor (145)
[2015.06.27-09.57.11:922][745]LogModuleManager: Shutting down and abandoning module EditorSettingsViewer (144)
[2015.06.27-09.57.11:922][745]LogModuleManager: Shutting down and abandoning module SettingsEditor (143)
[2015.06.27-09.57.11:967][745]LogModuleManager: Shutting down and abandoning module ProjectLauncher (142)
[2015.06.27-09.57.11:990][745]LogModuleManager: Shutting down and abandoning module SessionFrontend (141)
[2015.06.27-09.57.12:006][745]LogModuleManager: Shutting down and abandoning module ProfilerClient (140)
[2015.06.27-09.57.12:021][745]LogModuleManager: Shutting down and abandoning module TargetDeviceServices (139)
[2015.06.27-09.57.12:021][745]LogModuleManager: Shutting down and abandoning module DeviceManager (138)
[2015.06.27-09.57.12:052][745]LogModuleManager: Shutting down and abandoning module AutomationController (137)
[2015.06.27-09.57.12:096][745]LogModuleManager: Shutting down and abandoning module AutomationWindow (136)
[2015.06.27-09.57.12:123][745]LogModuleManager: Shutting down and abandoning module Layers (135)
[2015.06.27-09.57.12:154][745]LogModuleManager: Shutting down and abandoning module ComponentVisualizers (134)
[2015.06.27-09.57.12:154][745]LogModuleManager: Shutting down and abandoning module DetailCustomizations (133)
[2015.06.27-09.57.12:154][745]LogModuleManager: Shutting down and abandoning module PackagesDialog (132)
[2015.06.27-09.57.12:154][745]LogModuleManager: Shutting down and abandoning module AssetRegistry (131)
[2015.06.27-09.57.12:314][745]LogModuleManager: Shutting down and abandoning module Persona (130)
[2015.06.27-09.57.12:366][745]LogModuleManager: Shutting down and abandoning module Kismet (129)
[2015.06.27-09.57.12:375][745]LogModuleManager: Shutting down and abandoning module GraphEditor (128)
[2015.06.27-09.57.12:376][745]LogModuleManager: Shutting down and abandoning module ClassViewer (127)
[2015.06.27-09.57.12:377][745]LogModuleManager: Shutting down and abandoning module Toolbox (126)
[2015.06.27-09.57.12:377][745]LogModuleManager: Shutting down and abandoning module ModuleUI (125)
[2015.06.27-09.57.12:398][745]LogModuleManager: Shutting down and abandoning module MovieSceneTools (124)
[2015.06.27-09.57.12:428][745]LogModuleManager: Shutting down and abandoning module OutputLog (123)
[2015.06.27-09.57.12:428][745]LogModuleManager: Shutting down and abandoning module GammaUI (122)
[2015.06.27-09.57.12:458][745]LogModuleManager: Shutting down and abandoning module Documentation (121)
[2015.06.27-09.57.12:458][745]LogModuleManager: Shutting down and abandoning module GameLiveStreaming (120)
[2015.06.27-09.57.12:491][745]LogModuleManager: Shutting down and abandoning module StreamingPauseRendering (119)
[2015.06.27-09.57.12:491][745]LogModuleManager: Shutting down and abandoning module AnalyticsET (118)
[2015.06.27-09.57.12:491][745]LogModuleManager: Shutting down and abandoning module Analytics (117)
[2015.06.27-09.57.12:491][745]LogModuleManager: Shutting down and abandoning module AITestSuite (116)
[2015.06.27-09.57.12:529][745]LogModuleManager: Shutting down and abandoning module GameplayDebugger (115)
[2015.06.27-09.57.12:569][745]LogModuleManager: Shutting down and abandoning module AIModule (114)
[2015.06.27-09.57.12:611][745]LogModuleManager: Shutting down and abandoning module ProfilerService (113)
[2015.06.27-09.57.12:741][745]LogModuleManager: Shutting down and abandoning module TaskGraph (112)
[2015.06.27-09.57.12:792][745]LogModuleManager: Shutting down and abandoning module SlateRemote (111)
[2015.06.27-09.57.12:792][745]LogModuleManager: Shutting down and abandoning module SteamVRController (110)
[2015.06.27-09.57.12:792][745]LogModuleManager: Shutting down and abandoning module SteamVR (109)
[2015.06.27-09.57.12:792][745]LogModuleManager: Shutting down and abandoning module ProceduralMeshComponent (108)
[2015.06.27-09.57.12:792][745]LogModuleManager: Shutting down and abandoning module OculusRift (107)
[2015.06.27-09.57.12:792][745]LogModuleManager: Shutting down and abandoning module LeapMotionController (106)
[2015.06.27-09.57.12:836][745]LogModuleManager: Shutting down and abandoning module CustomMeshComponent (105)
[2015.06.27-09.57.12:836][745]LogModuleManager: Shutting down and abandoning module CableComponent (104)
[2015.06.27-09.57.12:884][745]LogModuleManager: Shutting down and abandoning module MessagingDebugger (103)
[2015.06.27-09.57.12:917][745]LogModuleManager: Shutting down and abandoning module MediaPlayerEditor (102)
[2015.06.27-09.57.13:005][745]LogModuleManager: Shutting down and abandoning module SpeedTreeImporter (101)
[2015.06.27-09.57.13:005][745]LogModuleManager: Shutting down and abandoning module PluginBrowser (100)
[2015.06.27-09.57.13:052][745]LogModuleManager: Shutting down and abandoning module EpicSurvey (99)
[2015.06.27-09.57.13:057][745]LogModuleManager: Shutting down and abandoning module DesktopPlatform (98)
[2015.06.27-09.57.13:077][745]LogModuleManager: Shutting down and abandoning module VisualStudioSourceCodeAccess (97)
[2015.06.27-09.57.13:159][745]LogModuleManager: Shutting down and abandoning module UObjectPlugin (96)
[2015.06.27-09.57.13:159][745]LogModuleManager: Shutting down and abandoning module SubversionSourceControl (95)
[2015.06.27-09.57.13:182][745]LogModuleManager: Shutting down and abandoning module PerforceSourceControl (94)
[2015.06.27-09.57.13:237][745]LogModuleManager: Shutting down and abandoning module SourceControl (93)
[2015.06.27-09.57.13:277][745]LogModuleManager: Shutting down and abandoning module GitSourceControl (92)
[2015.06.27-09.57.13:310][745]LogModuleManager: Shutting down and abandoning module BlankPlugin (91)
[2015.06.27-09.57.13:310][745]LogModuleManager: Shutting down and abandoning module PaperTiledImporter (90)
[2015.06.27-09.57.13:310][745]LogModuleManager: Shutting down and abandoning module PaperSpriteSheetImporter (89)
[2015.06.27-09.57.13:310][745]LogModuleManager: Shutting down and abandoning module MeshPaint (88)
[2015.06.27-09.57.13:325][745]LogModuleManager: Shutting down and abandoning module SlateReflector (87)
[2015.06.27-09.57.13:343][745]LogModuleManager: Shutting down and abandoning module DirectoryWatcher (86)
[2015.06.27-09.57.13:343][745]LogModuleManager: Shutting down and abandoning module HotReload (85)
[2015.06.27-09.57.13:343][745]LogModuleManager: Shutting down and abandoning module MainFrame (84)
[2015.06.27-09.57.13:343][745]LogModuleManager: Shutting down and abandoning module LevelEditor (83)
[2015.06.27-09.57.13:369][745]LogModuleManager: Shutting down and abandoning module ContentBrowser (82)
[2015.06.27-09.57.13:370][745]LogModuleManager: Shutting down and abandoning module Paper2DEditor (81)
[2015.06.27-09.57.13:415][745]LogModuleManager: Shutting down and abandoning module UdpMessaging (80)
[2015.06.27-09.57.13:515][745]LogModuleManager: Shutting down and abandoning module Paper2D (79)
[2015.06.27-09.57.13:539][745]LogModuleManager: Shutting down and abandoning module WindowsMoviePlayer (78)
[2015.06.27-09.57.13:548][745]LogModuleManager: Shutting down and abandoning module Media (77)
[2015.06.27-09.57.13:548][745]LogModuleManager: Shutting down and abandoning module WmfMedia (76)
[2015.06.27-09.57.13:601][745]LogModuleManager: Shutting down and abandoning module OnlineBlueprintSupport (75)
[2015.06.27-09.57.13:601][745]LogModuleManager: Shutting down and abandoning module PropertyEditor (74)
[2015.06.27-09.57.13:601][745]LogModuleManager: Shutting down and abandoning module BehaviorTreeEditor (73)
[2015.06.27-09.57.13:656][745]LogModuleManager: Shutting down and abandoning module FunctionalTesting (72)
[2015.06.27-09.57.13:673][745]LogModuleManager: Shutting down and abandoning module CollisionAnalyzer (71)
[2015.06.27-09.57.13:721][745]LogModuleManager: Shutting down and abandoning module WorkspaceMenuStructure (70)
[2015.06.27-09.57.13:721][745]LogModuleManager: Shutting down and abandoning module MessageLog (69)
[2015.06.27-09.57.13:721][745]LogModuleManager: Shutting down and abandoning module Sequencer (68)
[2015.06.27-09.57.13:747][745]LogModuleManager: Shutting down and abandoning module AssetTools (67)
[2015.06.27-09.57.13:795][745]LogModuleManager: Shutting down and abandoning module UMGEditor (66)
[2015.06.27-09.57.13:844][745]LogModuleManager: Shutting down and abandoning module UMG (65)
[2015.06.27-09.57.13:887][745]LogModuleManager: Shutting down and abandoning module Slate (64)
[2015.06.27-09.57.13:887][745]LogModuleManager: Shutting down and abandoning module EditorStyle (63)
[2015.06.27-09.57.13:889][745]LogModuleManager: Shutting down and abandoning module SessionServices (62)
[2015.06.27-09.57.13:889][745]LogModuleManager: Shutting down and abandoning module SourceCodeAccess (61)
[2015.06.27-09.57.13:889][745]LogModuleManager: Shutting down and abandoning module HeadMountedDisplay (60)
[2015.06.27-09.57.13:889][745]LogModuleManager: Shutting down and abandoning module XAudio2 (59)
[2015.06.27-09.57.13:889][745]LogModuleManager: Shutting down and abandoning module Networking (57)
[2015.06.27-09.57.13:889][745]LogModuleManager: Shutting down and abandoning module Core (56)
[2015.06.27-09.57.13:889][745]LogModuleManager: Shutting down and abandoning module KismetCompiler (55)
[2015.06.27-09.57.13:889][745]LogModuleManager: Shutting down and abandoning module PhysXFormats (54)
[2015.06.27-09.57.13:913][745]LogModuleManager: Shutting down and abandoning module MeshUtilities (53)
[2015.06.27-09.57.13:937][745]LogModuleManager: Shutting down and abandoning module DerivedDataCache (52)
[2015.06.27-09.57.13:977][745]LogDerivedDataCache: Shutdown
[2015.06.27-09.57.13:977][745]LogModuleManager: Shutting down and abandoning module ShaderFormatOpenGL (51)
[2015.06.27-09.57.14:005][745]LogModuleManager: Shutting down and abandoning module ShaderFormatD3D (50)
[2015.06.27-09.57.14:023][745]LogModuleManager: Shutting down and abandoning module MetalShaderFormat (49)
[2015.06.27-09.57.14:038][745]LogModuleManager: Shutting down and abandoning module TextureFormatUncompressed (48)
[2015.06.27-09.57.14:038][745]LogModuleManager: Shutting down and abandoning module TextureFormatPVR (47)
[2015.06.27-09.57.14:049][745]LogModuleManager: Shutting down and abandoning module TextureFormatIntelISPCTexComp (46)
[2015.06.27-09.57.14:063][745]LogModuleManager: Shutting down and abandoning module TextureFormatDXT (45)
[2015.06.27-09.57.14:076][745]LogModuleManager: Shutting down and abandoning module ImageWrapper (44)
[2015.06.27-09.57.14:076][745]LogModuleManager: Shutting down and abandoning module TextureFormatASTC (43)
[2015.06.27-09.57.14:077][745]LogModuleManager: Shutting down and abandoning module TextureFormatAndroid (42)
[2015.06.27-09.57.14:077][745]LogModuleManager: Shutting down and abandoning module AudioFormatOpus (41)
[2015.06.27-09.57.14:091][745]LogModuleManager: Shutting down and abandoning module AudioFormatOgg (40)
[2015.06.27-09.57.14:114][745]LogModuleManager: Shutting down and abandoning module AudioFormatADPCM (39)
[2015.06.27-09.57.14:114][745]LogModuleManager: Shutting down and abandoning module LinuxTargetPlatform (38)
[2015.06.27-09.57.14:114][745]LogModuleManager: Shutting down and abandoning module LinuxServerTargetPlatform (37)
[2015.06.27-09.57.14:123][745]LogModuleManager: Shutting down and abandoning module LinuxNoEditorTargetPlatform (36)
[2015.06.27-09.57.14:134][745]LogModuleManager: Shutting down and abandoning module Messaging (35)
[2015.06.27-09.57.14:134][745]LogModuleManager: Shutting down and abandoning module IOSTargetPlatform (34)
[2015.06.27-09.57.14:134][745]LogModuleManager: Shutting down and abandoning module HTML5TargetPlatform (33)
[2015.06.27-09.57.14:134][745]LogModuleManager: Shutting down and abandoning module Android_PVRTCTargetPlatform (32)
[2015.06.27-09.57.14:134][745]LogModuleManager: Shutting down and abandoning module Android_ETC2TargetPlatform (31)
[2015.06.27-09.57.14:134][745]LogModuleManager: Shutting down and abandoning module Android_ETC1TargetPlatform (30)
[2015.06.27-09.57.14:134][745]LogModuleManager: Shutting down and abandoning module Android_DXTTargetPlatform (29)
[2015.06.27-09.57.14:134][745]LogModuleManager: Shutting down and abandoning module Android_ATCTargetPlatform (28)
[2015.06.27-09.57.14:134][745]LogModuleManager: Shutting down and abandoning module Android_ASTCTargetPlatform (27)
[2015.06.27-09.57.14:134][745]LogModuleManager: Shutting down and abandoning module AndroidTargetPlatform (26)
[2015.06.27-09.57.14:134][745]LogModuleManager: Shutting down and abandoning module WindowsTargetPlatform (25)
[2015.06.27-09.57.14:134][745]LogModuleManager: Shutting down and abandoning module WindowsServerTargetPlatform (24)
[2015.06.27-09.57.14:134][745]LogModuleManager: Shutting down and abandoning module WindowsNoEditorTargetPlatform (23)
[2015.06.27-09.57.14:134][745]LogModuleManager: Shutting down and abandoning module WindowsClientTargetPlatform (22)
[2015.06.27-09.57.14:134][745]LogModuleManager: Shutting down and abandoning module DesktopTargetPlatform (21)
[2015.06.27-09.57.14:134][745]LogModuleManager: Shutting down and abandoning module TargetPlatform (20)
[2015.06.27-09.57.14:134][745]LogModuleManager: Shutting down and abandoning module InputCore (19)
[2015.06.27-09.57.14:134][745]LogModuleManager: Shutting down and abandoning module Settings (18)
[2015.06.27-09.57.14:134][745]LogModuleManager: Shutting down and abandoning module OnlineSubsystem (16)
[2015.06.27-09.57.14:134][745]LogModuleManager: Shutting down and abandoning module HTTP (15)
[2015.06.27-09.57.14:134][745]LogModuleManager: Shutting down and abandoning module ExampleDeviceProfileSelector (14)
[2015.06.27-09.57.14:134][745]LogModuleManager: Shutting down and abandoning module TextureCompressor (13)
[2015.06.27-09.57.14:168][745]LogModuleManager: Shutting down and abandoning module ShaderCore (12)
[2015.06.27-09.57.14:168][745]LogModuleManager: Shutting down and abandoning module Landscape (11)
[2015.06.27-09.57.14:168][745]LogModuleManager: Shutting down and abandoning module SlateRHIRenderer (10)
[2015.06.27-09.57.14:200][745]LogModuleManager: Shutting down and abandoning module OpenGLDrv (9)
[2015.06.27-09.57.14:223][745]LogModuleManager: Shutting down and abandoning module D3D11RHI (8)
[2015.06.27-09.57.14:223][745]LogModuleManager: Shutting down and abandoning module Renderer (7)
[2015.06.27-09.57.14:223][745]LogModuleManager: Shutting down and abandoning module Engine (6)
[2015.06.27-09.57.14:223][745]LogModuleManager: Shutting down and abandoning module CoreUObject (5)
[2015.06.27-09.57.14:223][745]LogModuleManager: Shutting down and abandoning module NetworkFile (4)
[2015.06.27-09.57.14:241][745]LogModuleManager: Shutting down and abandoning module StreamingFile (3)
[2015.06.27-09.57.14:248][745]LogModuleManager: Shutting down and abandoning module SandboxFile (2)
[2015.06.27-09.57.14:262][745]LogModuleManager: Shutting down and abandoning module PakFile (1)
[2015.06.27-09.57.14:280][745]LogExit: Exiting.
[2015.06.27-09.57.14:291][745]Log file closed, 06/27/15 11:57:14
